<?xml version="1.0" encoding="UTF-8"?>
<!-- Generated by org.testng.reporters.JUnitReportReporter -->
<testsuite hostname="DESKTOP-I3V29VC" failures="0" tests="1" name="com.rest_assured_authorization.APIKeyAuth" time="2.881" errors="0" timestamp="2023-01-09T12:02:29 IST" skipped="0">
  <testcase classname="com.rest_assured_authorization.APIKeyAuth" name="apiKeyAuthUsingHeader" time="2.881"/>
  <system-out/>
</testsuite> <!-- com.rest_assured_authorization.APIKeyAuth -->
