<?xml version="1.0" encoding="UTF-8"?>
<!-- Generated by org.testng.reporters.JUnitReportReporter -->
<testsuite hostname="DESKTOP-I3V29VC" failures="0" tests="1" name="com.rest_assured_extra_concepts.Serialization" time="9.690" errors="0" timestamp="2022-09-17T18:38:23 IST" skipped="0">
  <testcase classname="com.rest_assured_extra_concepts.Serialization" name="serialization" time="9.690"/>
  <system-out/>
</testsuite> <!-- com.rest_assured_extra_concepts.Serialization -->
