<?xml version="1.0" encoding="UTF-8"?>
<!-- Generated by org.testng.reporters.JUnitReportReporter -->
<testsuite hostname="DESKTOP-I3V29VC" failures="0" tests="1" name="com.rest_assured_extra_concepts.Serialization" time="12.365" errors="0" timestamp="2023-01-11T15:39:04 IST" skipped="0">
  <testcase classname="com.rest_assured_extra_concepts.Serialization" name="serialization" time="12.365"/>
  <system-out/>
</testsuite> <!-- com.rest_assured_extra_concepts.Serialization -->
