<?xml version="1.0" encoding="UTF-8"?>
<!-- Generated by org.testng.reporters.JUnitReportReporter -->
<testsuite hostname="DESKTOP-I3V29VC" failures="0" tests="1" name="com.rest_assured.json_path_with_java.FilterPrediateExample" time="0.111" errors="1" timestamp="2022-09-18T18:42:02 IST" skipped="0">
  <testcase classname="com.rest_assured.json_path_with_java.FilterPrediateExample" name="filterPredicate" time="0.111">
    <error message="Not enough predicates supplied for filter [?] at position 13" type="com.jayway.jsonpath.InvalidPathException">
      <![CDATA[com.jayway.jsonpath.InvalidPathException: Not enough predicates supplied for filter [?] at position 13
at com.jayway.jsonpath.internal.path.PathCompiler.readPlaceholderToken(PathCompiler.java:430)
at com.jayway.jsonpath.internal.path.PathCompiler.readNextToken(PathCompiler.java:138)
at com.jayway.jsonpath.internal.path.PathCompiler.readPropertyOrFunctionToken(PathCompiler.java:256)
at com.jayway.jsonpath.internal.path.PathCompiler.readNextToken(PathCompiler.java:153)
at com.jayway.jsonpath.internal.path.PathCompiler.readDotToken(PathCompiler.java:175)
at com.jayway.jsonpath.internal.path.PathCompiler.readNextToken(PathCompiler.java:143)
at com.jayway.jsonpath.internal.path.PathCompiler.readPropertyOrFunctionToken(PathCompiler.java:256)
at com.jayway.jsonpath.internal.path.PathCompiler.readNextToken(PathCompiler.java:153)
at com.jayway.jsonpath.internal.path.PathCompiler.readDotToken(PathCompiler.java:175)
at com.jayway.jsonpath.internal.path.PathCompiler.readNextToken(PathCompiler.java:143)
at com.jayway.jsonpath.internal.path.PathCompiler.readContextToken(PathCompiler.java:123)
at com.jayway.jsonpath.internal.path.PathCompiler.compile(PathCompiler.java:58)
at com.jayway.jsonpath.internal.path.PathCompiler.compile(PathCompiler.java:75)
at com.jayway.jsonpath.JsonPath.<init>(JsonPath.java:97)
at com.jayway.jsonpath.JsonPath.compile(JsonPath.java:515)
at com.jayway.jsonpath.internal.JsonContext.pathFromCache(JsonContext.java:222)
at com.jayway.jsonpath.internal.JsonContext.read(JsonContext.java:77)
at com.rest_assured.json_path_with_java.FilterPrediateExample.filterPredicate(FilterPrediateExample.java:31)
at java.base/jdk.internal.reflect.DirectMethodHandleAccessor.invoke(DirectMethodHandleAccessor.java:104)
at java.base/java.lang.reflect.Method.invoke(Method.java:577)
at org.testng.internal.MethodInvocationHelper.invokeMethod(MethodInvocationHelper.java:133)
at org.testng.internal.TestInvoker.invokeMethod(TestInvoker.java:598)
at org.testng.internal.TestInvoker.invokeTestMethod(TestInvoker.java:173)
at org.testng.internal.MethodRunner.runInSequence(MethodRunner.java:46)
at org.testng.internal.TestInvoker$MethodInvocationAgent.invoke(TestInvoker.java:824)
at org.testng.internal.TestInvoker.invokeTestMethods(TestInvoker.java:146)
at org.testng.internal.TestMethodWorker.invokeTestMethods(TestMethodWorker.java:146)
at org.testng.internal.TestMethodWorker.run(TestMethodWorker.java:128)
at java.base/java.util.ArrayList.forEach(ArrayList.java:1511)
at org.testng.TestRunner.privateRun(TestRunner.java:794)
at org.testng.TestRunner.run(TestRunner.java:596)
at org.testng.SuiteRunner.runTest(SuiteRunner.java:377)
at org.testng.SuiteRunner.runSequentially(SuiteRunner.java:371)
at org.testng.SuiteRunner.privateRun(SuiteRunner.java:332)
at org.testng.SuiteRunner.run(SuiteRunner.java:276)
at org.testng.SuiteRunnerWorker.runSuite(SuiteRunnerWorker.java:53)
at org.testng.SuiteRunnerWorker.run(SuiteRunnerWorker.java:96)
at org.testng.TestNG.runSuitesSequentially(TestNG.java:1212)
at org.testng.TestNG.runSuitesLocally(TestNG.java:1134)
at org.testng.TestNG.runSuites(TestNG.java:1063)
at org.testng.TestNG.run(TestNG.java:1031)
at org.testng.remote.AbstractRemoteTestNG.run(AbstractRemoteTestNG.java:115)
at org.testng.remote.RemoteTestNG.initAndRun(RemoteTestNG.java:251)
at org.testng.remote.RemoteTestNG.main(RemoteTestNG.java:77)
]]>
    </error>
  </testcase> <!-- filterPredicate -->
  <system-out/>
</testsuite> <!-- com.rest_assured.json_path_with_java.FilterPrediateExample -->
