<?xml version="1.0" encoding="UTF-8"?>
<!-- Generated by org.testng.reporters.JUnitReportReporter -->
<testsuite hostname="DESKTOP-I3V29VC" failures="0" tests="1" name="com.rest_assured_extra_concepts.RequestSpecificationExample" time="4.233" errors="0" timestamp="2023-01-06T17:15:33 IST" skipped="0">
  <testcase classname="com.rest_assured_extra_concepts.RequestSpecificationExample" name="createAnEmployee" time="4.233"/>
  <system-out/>
</testsuite> <!-- com.rest_assured_extra_concepts.RequestSpecificationExample -->
