<?xml version="1.0" encoding="UTF-8"?>
<!-- Generated by org.testng.reporters.JUnitReportReporter -->
<testsuite hostname="DESKTOP-I3V29VC" failures="0" tests="1" name="com.rest_assured.json_schema_validation.HamcrestMatcherJsonSchemaValidation" time="1.493" errors="0" timestamp="2022-09-18T17:08:04 IST" skipped="0">
  <testcase classname="com.rest_assured.json_schema_validation.HamcrestMatcherJsonSchemaValidation" name="validate" time="1.493"/>
  <system-out/>
</testsuite> <!-- com.rest_assured.json_schema_validation.HamcrestMatcherJsonSchemaValidation -->
