<?xml version="1.0" encoding="UTF-8"?>
<!-- Generated by org.testng.reporters.JUnitReportReporter -->
<testsuite hostname="DESKTOP-I3V29VC" failures="0" tests="4" name="com.rest_assured.non_bdd_style.Non_BDD_Style" time="2.959" errors="0" timestamp="2022-09-17T13:26:19 IST" skipped="0">
  <testcase classname="com.rest_assured.non_bdd_style.Non_BDD_Style" name="createAnEmployee" time="2.391"/>
  <system-out/>
  <testcase classname="com.rest_assured.non_bdd_style.Non_BDD_Style" name="updateAnEmployee" time="0.224"/>
  <system-out/>
  <testcase classname="com.rest_assured.non_bdd_style.Non_BDD_Style" name="getAllEmployees" time="0.268"/>
  <system-out/>
  <testcase classname="com.rest_assured.non_bdd_style.Non_BDD_Style" name="deleteAnEmployee" time="0.076"/>
  <system-out/>
</testsuite> <!-- com.rest_assured.non_bdd_style.Non_BDD_Style -->
