<?xml version="1.0" encoding="UTF-8"?>
<!-- Generated by org.testng.reporters.JUnitReportReporter -->
<testsuite hostname="DESKTOP-I3V29VC" failures="0" tests="2" name="com.rest_assured.json_schema_validation.RestAssuredJsonSchemaValidation" time="7.846" errors="0" timestamp="2022-09-17T21:24:54 IST" skipped="0">
  <testcase classname="com.rest_assured.json_schema_validation.RestAssuredJsonSchemaValidation" name="validationUsingJsonSchemaInClassPath" time="7.710"/>
  <system-out/>
  <testcase classname="com.rest_assured.json_schema_validation.RestAssuredJsonSchemaValidation" name="validationUsingMatchesJsonSchema" time="0.136"/>
  <system-out/>
</testsuite> <!-- com.rest_assured.json_schema_validation.RestAssuredJsonSchemaValidation -->
