<?xml version="1.0" encoding="UTF-8"?>
<!-- Generated by org.testng.reporters.JUnitReportReporter -->
<testsuite hostname="DESKTOP-I3V29VC" failures="0" tests="1" name="com.rest_assured_authorization.BasicAuth" time="4.145" errors="0" timestamp="2023-01-09T10:51:21 IST" skipped="0">
  <testcase classname="com.rest_assured_authorization.BasicAuth" name="basicAuth" time="4.145"/>
  <system-out/>
</testsuite> <!-- com.rest_assured_authorization.BasicAuth -->
