<?xml version="1.0" encoding="UTF-8"?>
<!-- Generated by org.testng.reporters.JUnitReportReporter -->
<testsuite hostname="DESKTOP-I3V29VC" failures="0" tests="1" name="com.rest_assured_extra_concepts.Deserialization" time="3.109" errors="0" timestamp="2022-09-18T21:08:01 IST" skipped="0">
  <testcase classname="com.rest_assured_extra_concepts.Deserialization" name="deserializationUsingRestAssuredJsonPath" time="3.109"/>
  <system-out/>
</testsuite> <!-- com.rest_assured_extra_concepts.Deserialization -->
