<?xml version="1.0" encoding="UTF-8"?>
<!-- Generated by org.testng.reporters.JUnitReportReporter -->
<testsuite hostname="DESKTOP-I3V29VC" failures="0" tests="1" name="com.rest.non_bdd.GetAllEmployees" time="2.357" errors="0" timestamp="2022-09-17T12:24:02 IST" skipped="0">
  <testcase classname="com.rest.non_bdd.GetAllEmployees" name="getAllEmployees" time="2.357"/>
  <system-out/>
</testsuite> <!-- com.rest.non_bdd.GetAllEmployees -->
