<?xml version="1.0" encoding="UTF-8"?>
<!-- Generated by org.testng.reporters.JUnitReportReporter -->
<testsuite hostname="DESKTOP-I3V29VC" failures="0" tests="1" name="com.rest_assured.bdd_style.BDD_Style" time="2.546" errors="0" timestamp="2022-09-17T13:55:33 IST" skipped="0">
  <testcase classname="com.rest_assured.bdd_style.BDD_Style" name="createAnEmplyeeFromJsonFile" time="2.546"/>
  <system-out/>
</testsuite> <!-- com.rest_assured.bdd_style.BDD_Style -->
