<?xml version="1.0" encoding="UTF-8"?>
<!-- Generated by org.testng.reporters.JUnitReportReporter -->
<testsuite hostname="DESKTOP-I3V29VC" failures="0" tests="3" name="com.rest_assured_extra_concepts.RequestSpecificationWithoutSpecMethodForAllTest" time="1.657" errors="0" timestamp="2023-01-06T17:35:10 IST" skipped="0">
  <testcase classname="com.rest_assured_extra_concepts.RequestSpecificationWithoutSpecMethodForAllTest" name="getAllEmployee" time="1.531"/>
  <system-out/>
  <testcase classname="com.rest_assured_extra_concepts.RequestSpecificationWithoutSpecMethodForAllTest" name="getSpecificEmployee" time="0.050"/>
  <system-out/>
  <testcase classname="com.rest_assured_extra_concepts.RequestSpecificationWithoutSpecMethodForAllTest" name="createAnEmployee" time="0.076"/>
  <system-out/>
</testsuite> <!-- com.rest_assured_extra_concepts.RequestSpecificationWithoutSpecMethodForAllTest -->
