<?xml version="1.0" encoding="UTF-8"?>
<!-- Generated by org.testng.reporters.JUnitReportReporter -->
<testsuite hostname="DESKTOP-I3V29VC" failures="0" tests="1" name="com.rest_assured.json_schema_validation.HamcrestMatcherJsonSchemaValidation" time="0.746" errors="0" timestamp="2023-01-02T15:22:58 IST" skipped="0">
  <testcase classname="com.rest_assured.json_schema_validation.HamcrestMatcherJsonSchemaValidation" name="validate" time="0.746"/>
  <system-out/>
</testsuite> <!-- com.rest_assured.json_schema_validation.HamcrestMatcherJsonSchemaValidation -->
