<?xml version="1.0" encoding="UTF-8"?>
<!-- Generated by org.testng.reporters.JUnitReportReporter -->
<testsuite hostname="DESKTOP-I3V29VC" failures="0" tests="1" name="com.rest_assured.json_path_with_java.ReadingAJsonDocument" time="0.163" errors="0" timestamp="2022-09-18T17:37:43 IST" skipped="0">
  <testcase classname="com.rest_assured.json_path_with_java.ReadingAJsonDocument" name="fluentAPI" time="0.163"/>
  <system-out/>
</testsuite> <!-- com.rest_assured.json_path_with_java.ReadingAJsonDocument -->
