<?xml version="1.0" encoding="UTF-8"?>
<!-- Generated by org.testng.reporters.JUnitReportReporter -->
<testsuite hostname="DESKTOP-I3V29VC" failures="0" tests="2" name="com.rest_assured.json_path_with_java.CustomPredicateExamples" time="0.113" errors="0" timestamp="2023-01-04T17:53:58 IST" skipped="0">
  <testcase classname="com.rest_assured.json_path_with_java.CustomPredicateExamples" name="myCustomPredicate" time="0.103"/>
  <system-out/>
  <testcase classname="com.rest_assured.json_path_with_java.CustomPredicateExamples" name="myCustomPredicateUsingLambdaFunction" time="0.010"/>
  <system-out/>
</testsuite> <!-- com.rest_assured.json_path_with_java.CustomPredicateExamples -->
