<?xml version="1.0" encoding="UTF-8"?>
<!-- Generated by org.testng.reporters.JUnitReportReporter -->
<testsuite hostname="DESKTOP-I3V29VC" failures="0" tests="1" name="com.rest_assured_extra_concepts.Deserialization" time="3.813" errors="0" timestamp="2023-01-06T11:22:11 IST" skipped="0">
  <testcase classname="com.rest_assured_extra_concepts.Deserialization" name="deserializationUsingAsFunction" time="3.813"/>
  <system-out/>
</testsuite> <!-- com.rest_assured_extra_concepts.Deserialization -->
