<?xml version="1.0" encoding="UTF-8"?>
<!-- Generated by org.testng.reporters.JUnitReportReporter -->
<testsuite hostname="DESKTOP-I3V29VC" failures="0" tests="1" name="com.rest_assured.json_schema_validation.NetworkNtJsonSchemaValidation" time="0.424" errors="0" timestamp="2022-09-17T21:21:40 IST" skipped="0">
  <testcase classname="com.rest_assured.json_schema_validation.NetworkNtJsonSchemaValidation" name="validateJsonSchema" time="0.424"/>
  <system-out/>
</testsuite> <!-- com.rest_assured.json_schema_validation.NetworkNtJsonSchemaValidation -->
